C:\USERS\JOHN O'HOLLAREN\DOCUMENTS\GITHUB\WOBLIGHT\WOBLIGHT\WOBLIGHT\DEBUG\MAINPAGE.XAML.OBJ
C:\USERS\JOHN O'HOLLAREN\DOCUMENTS\GITHUB\WOBLIGHT\WOBLIGHT\WOBLIGHT\DEBUG\XAMLTYPEINFO.IMPL.G.OBJ
C:\USERS\JOHN O'HOLLAREN\DOCUMENTS\GITHUB\WOBLIGHT\WOBLIGHT\WOBLIGHT\DEBUG\APP.XAML.OBJ
C:\USERS\JOHN O'HOLLAREN\DOCUMENTS\GITHUB\WOBLIGHT\WOBLIGHT\WOBLIGHT\DEBUG\WOBLIGHT.PCH
C:\USERS\JOHN O'HOLLAREN\DOCUMENTS\GITHUB\WOBLIGHT\WOBLIGHT\WOBLIGHT\DEBUG\PCH.OBJ
C:\USERS\JOHN O'HOLLAREN\DOCUMENTS\GITHUB\WOBLIGHT\WOBLIGHT\WOBLIGHT\DEBUG\VC110.PDB
C:\USERS\JOHN O'HOLLAREN\DOCUMENTS\GITHUB\WOBLIGHT\WOBLIGHT\WOBLIGHT\DEBUG\WASAPICAPTURE.OBJ
C:\USERS\JOHN O'HOLLAREN\DOCUMENTS\GITHUB\WOBLIGHT\WOBLIGHT\WOBLIGHT\DEBUG\XAMLTYPEINFO.G.OBJ
C:\USERS\JOHN O'HOLLAREN\DOCUMENTS\GITHUB\WOBLIGHT\WOBLIGHT\WOBLIGHT\DEBUG\TONESAMPLEGENERATOR.OBJ
C:\USERS\JOHN O'HOLLAREN\DOCUMENTS\GITHUB\WOBLIGHT\WOBLIGHT\DEBUG\WOBLIGHT\WOBLIGHT.ILK
C:\USERS\JOHN O'HOLLAREN\DOCUMENTS\GITHUB\WOBLIGHT\WOBLIGHT\DEBUG\WOBLIGHT\WOBLIGHT.EXE
C:\USERS\JOHN O'HOLLAREN\DOCUMENTS\GITHUB\WOBLIGHT\WOBLIGHT\DEBUG\WOBLIGHT\WOBLIGHT.PDB
C:\USERS\JOHN O'HOLLAREN\DOCUMENTS\GITHUB\WOBLIGHT\WOBLIGHT\DEBUG\WOBLIGHT\WOBLIGHT.WINMD
䍞尺獕牥屳潊湨传䠧汯慬敲屮潄畣敭瑮屳楇䡴扵睜扯楬桧屴潷汢杩瑨睜扯楬桧屴潷汢杩瑨瘮硣牰橯਍㩃啜敳獲䩜桯⁮❏潈汬牡湥䑜捯浵湥獴䝜瑩畈屢潷汢杩瑨睜扯楬桧屴潷汢杩瑨䝜湥牥瑡摥䘠汩獥䅜灰朮栮਍㩃啜敳獲䩜桯⁮❏潈汬牡湥䑜捯浵湥獴䝜瑩畈屢潷汢杩瑨睜扯楬桧屴潷汢杩瑨䝜湥牥瑡摥䘠汩獥䅜灰朮栮灰਍㩃啜敳獲䩜桯⁮❏潈汬牡湥䑜捯浵湥獴䝜瑩畈屢潷汢杩瑨睜扯楬桧屴潷汢杩瑨䝜湥牥瑡摥䘠汩獥䍜浯潭屮瑓湡慤摲瑓汹獥朮栮਍㩃啜敳獲䩜桯⁮❏潈汬牡湥䑜捯浵湥獴䝜瑩畈屢潷汢杩瑨睜扯楬桧屴潷汢杩瑨䝜湥牥瑡摥䘠汩獥䍜浯潭屮瑓湡慤摲瑓汹獥朮栮灰਍㩃啜敳獲䩜桯⁮❏潈汬牡湥䑜捯浵湥獴䝜瑩畈屢潷汢杩瑨睜扯楬桧屴潷汢杩瑨䝜湥牥瑡摥䘠汩獥䵜楡偮条⹥⹧൨䌊尺獕牥屳潊湨传䠧汯慬敲屮潄畣敭瑮屳楇䡴扵睜扯楬桧屴潷汢杩瑨睜扯楬桧屴敇敮慲整⁤楆敬屳慍湩慐敧朮栮灰਍㩃啜敳獲䩜桯⁮❏潈汬牡湥䑜捯浵湥獴䝜瑩畈屢潷汢杩瑨睜扯楬桧屴潷汢杩瑨䝜湥牥瑡摥䘠汩獥䅜灰砮浡൬䌊尺獕牥屳潊湨传䠧汯慬敲屮潄畣敭瑮屳楇䡴扵睜扯楬桧屴潷汢杩瑨睜扯楬桧屴敇敮慲整⁤楆敬屳潃浭湯卜慴摮牡卤祴敬⹳慸汭਍㩃啜敳獲䩜桯⁮❏潈汬牡湥䑜捯浵湥獴䝜瑩畈屢潷汢杩瑨睜扯楬桧屴潷汢杩瑨䝜湥牥瑡摥䘠汩獥䵜楡偮条⹥慸汭਍㩃啜敳獲䩜桯⁮❏潈汬牡湥䑜捯浵湥獴䝜瑩畈屢潷汢杩瑨睜扯楬桧屴潷汢杩瑨䝜湥牥瑡摥䘠汩獥䅜灰朮栮灰਍㩃啜敳獲䩜桯⁮❏潈汬牡湥䑜捯浵湥獴䝜瑩畈屢潷汢杩瑨睜扯楬桧屴潷汢杩瑨䝜湥牥瑡摥䘠汩獥䍜浯潭屮瑓湡慤摲瑓汹獥朮栮灰਍㩃啜敳獲䩜桯⁮❏潈汬牡湥䑜捯浵湥獴䝜瑩畈屢潷汢杩瑨睜扯楬桧屴潷汢杩瑨䝜湥牥瑡摥䘠汩獥䵜楡偮条⹥⹧灨൰䌊尺獕牥屳潊湨传䠧汯慬敲屮潄畣敭瑮屳楇䡴扵睜扯楬桧屴潷汢杩瑨睜扯楬桧屴敄畢屧牰捩湯楦⹧浸൬䌊尺獕牥屳潊湨传䠧汯慬敲屮潄畣敭瑮屳楇䡴扵睜扯楬桧屴潷汢杩瑨睜扯楬桧屴敄畢屧慬潹瑵爮獥楦敬൳䌊尺獕牥屳潊湨传䠧汯慬敲屮潄畣敭瑮屳楇䡴扵睜扯楬桧屴潷汢杩瑨睜扯楬桧屴敄畢屧敲潳牵散⹳敲晳汩獥਍㩃啜敳獲䩜桯⁮❏潈汬牡湥䑜捯浵湥獴䝜瑩畈屢潷汢杩瑨睜扯楬桧屴潷汢杩瑨䑜扥杵灜楲爮獥楦敬൳䌊尺獕牥屳潊湨传䠧汯慬敲屮潄畣敭瑮屳楇䡴扵睜扯楬桧屴潷汢杩瑨䑜扥杵睜扯楬桧屴敲潳牵散⹳牰൩䌊尺獕牥屳潊湨传䠧汯慬敲屮潄畣敭瑮屳楇䡴扵睜扯楬桧屴潷汢杩瑨睜扯楬桧屴敄畢屧慌杮慵敧畑污晩敩獲琮瑸਍㩃啜敳獲䩜桯⁮❏潈汬牡湥䑜捯浵湥獴䝜瑩畈屢潷汢杩瑨睜扯楬桧屴潷汢杩瑨䑜扥杵停潲敪瑣牁档瑩捥畴敲⹳硴൴䌊尺獕牥屳潊湨传䠧汯慬敲屮潄畣敭瑮屳楇䡴扵睜扯楬桧屴潷汢杩瑨䑜扥杵睜扯楬桧屴灁硰慍楮敦瑳砮汭਍㩃啜敳獲䩜桯⁮❏潈汬牡湥䑜捯浵湥獴䝜瑩畈屢潷汢杩瑨睜扯楬桧屴敄畢屧潷汢杩瑨睜扯楬桧⹴畢汩⹤灡硰敲楣数਍䍞尺獕牥屳潊湨传䠧汯慬敲屮潄畣敭瑮屳楇䡴扵睜扯楬桧屴潷汢杩瑨睜扯楬桧屴潷汢杩瑨瘮硣牰橯਍㩃啜敳獲䩜桯⁮❏潈汬牡湥䑜捯浵湥獴䝜瑩畈屢潷汢杩瑨睜扯楬桧屴潷汢杩瑨䑜扥杵睜扯楬桧⹴捶灸潲剪獥汯敶獁敳扭祬敒敦敲据⹥慣档൥䌊尺獕牥屳潊湨传䠧汯慬敲屮潄畣敭瑮屳楇䡴扵睜扯楬桧屴潷汢杩瑨睜扯楬桧屴敇敮慲整⁤楆敬屳灁⹰⹧൨䌊尺獕牥屳潊湨传䠧汯慬敲屮潄畣敭瑮屳楇䡴扵睜扯楬桧屴潷汢杩瑨睜扯楬桧屴敇敮慲整⁤楆敬屳灁⹰⹧灨൰䌊尺獕牥屳潊湨传䠧汯慬敲屮潄畣敭瑮屳楇䡴扵睜扯楬桧屴潷汢杩瑨睜扯楬桧屴敇敮慲整⁤楆敬屳潃浭湯卜慴摮牡卤祴敬⹳⹧൨䌊尺獕牥屳潊湨传䠧汯慬敲屮潄畣敭瑮屳楇䡴扵睜扯楬桧屴潷汢杩瑨睜扯楬桧屴敇敮慲整⁤楆敬屳潃浭湯卜慴摮牡卤祴敬⹳⹧灨൰䌊尺獕牥屳潊湨传䠧汯慬敲屮潄畣敭瑮屳楇䡴扵睜扯楬桧屴潷汢杩瑨睜扯楬桧屴敇敮慲整⁤楆敬屳慍湩慐敧朮栮਍㩃啜敳獲䩜桯⁮❏潈汬牡湥䑜捯浵湥獴䝜瑩畈屢潷汢杩瑨睜扯楬桧屴潷汢杩瑨䝜湥牥瑡摥䘠汩獥䵜楡偮条⹥⹧灨൰䌊尺獕牥屳潊湨传䠧汯慬敲屮潄畣敭瑮屳楇䡴扵睜扯楬桧屴潷汢杩瑨睜扯楬桧屴敇敮慲整⁤楆敬屳灁⹰慸汭਍㩃啜敳獲䩜桯⁮❏潈汬牡湥䑜捯浵湥獴䝜瑩畈屢潷汢杩瑨睜扯楬桧屴潷汢杩瑨䝜湥牥瑡摥䘠汩獥䍜浯潭屮瑓湡慤摲瑓汹獥砮浡൬䌊尺獕牥屳潊湨传䠧汯慬敲屮潄畣敭瑮屳楇䡴扵睜扯楬桧屴潷汢杩瑨睜扯楬桧屴敇敮慲整⁤楆敬屳慍湩慐敧砮浡൬䌊尺獕牥屳潊湨传䠧汯慬敲屮潄畣敭瑮屳楇䡴扵睜扯楬桧屴潷汢杩瑨睜扯楬桧屴敇敮慲整⁤楆敬屳灁⹰⹧灨൰䌊尺獕牥屳潊湨传䠧汯慬敲屮潄畣敭瑮屳楇䡴扵睜扯楬桧屴潷汢杩瑨睜扯楬桧屴敇敮慲整⁤楆敬屳潃浭湯卜慴摮牡卤祴敬⹳⹧灨൰䌊尺獕牥屳潊湨传䠧汯慬敲屮潄畣敭瑮屳楇䡴扵睜扯楬桧屴潷汢杩瑨睜扯楬桧屴敇敮慲整⁤楆敬屳慍湩慐敧朮栮灰਍㩃啜敳獲䩜桯⁮❏潈汬牡湥䑜捯浵湥獴䝜瑩畈屢潷汢杩瑨睜扯楬桧屴潷汢杩瑨䑜扥杵灜楲潣普杩砮汭਍㩃啜敳獲䩜桯⁮❏潈汬牡湥䑜捯浵湥獴䝜瑩畈屢潷汢杩瑨睜扯楬桧屴潷汢杩瑨䑜扥杵汜祡畯⹴敲晳汩獥਍㩃啜敳獲䩜桯⁮❏潈汬牡湥䑜捯浵湥獴䝜瑩畈屢潷汢杩瑨睜扯楬桧屴潷汢杩瑨䑜扥杵牜獥畯捲獥爮獥楦敬൳䌊尺獕牥屳潊湨传䠧汯慬敲屮潄畣敭瑮屳楇䡴扵睜扯楬桧屴潷汢杩瑨睜扯楬桧屴敄畢屧牰⹩敲晳汩獥਍㩃啜敳獲䩜桯⁮❏潈汬牡湥䑜捯浵湥獴䝜瑩畈屢潷汢杩瑨睜扯楬桧屴敄畢屧潷汢杩瑨牜獥畯捲獥瀮楲਍㩃啜敳獲䩜桯⁮❏潈汬牡湥䑜捯浵湥獴䝜瑩畈屢潷汢杩瑨睜扯楬桧屴潷汢杩瑨䑜扥杵䱜湡畧条入慵楬楦牥⹳硴൴䌊尺獕牥屳潊湨传䠧汯慬敲屮潄畣敭瑮屳楇䡴扵睜扯楬桧屴潷汢杩瑨睜扯楬桧屴敄畢屧牐橯捥䅴捲楨整瑣牵獥琮瑸਍㩃啜敳獲䩜桯⁮❏潈汬牡湥䑜捯浵湥獴䝜瑩畈屢潷汢杩瑨睜扯楬桧屴敄畢屧潷汢杩瑨䅜灰䵸湡晩獥⹴浸൬䌊尺獕牥屳潊湨传䠧汯慬敲屮潄畣敭瑮屳楇䡴扵睜扯楬桧屴潷汢杩瑨䑜扥杵睜扯楬桧屴潷汢杩瑨戮極摬愮灰牸捥灩൥帊㩃啜敳獲䩜桯⁮❏潈汬牡湥䑜捯浵湥獴䝜瑩畈屢潷汢杩瑨睜扯楬桧屴潷汢杩瑨睜扯楬桧⹴捶灸潲൪䌊尺獕牥屳潊湨传䠧汯慬敲屮潄畣敭瑮屳楇䡴扵睜扯楬桧屴潷汢杩瑨睜扯楬桧屴敄畢屧潷汢杩瑨瘮硣牰橯敒潳癬䅥獳浥汢剹晥牥湥散挮捡敨਍㩃啜敳獲䩜桯⁮❏潈汬牡湥䑜捯浵湥獴䝜瑩畈屢潷汢杩瑨睜扯楬桧屴潷汢杩瑨䝜湥牥瑡摥䘠汩獥䅜灰朮栮਍㩃啜敳獲䩜桯⁮❏潈汬牡湥䑜捯浵湥獴䝜瑩畈屢潷汢杩瑨睜扯楬桧屴潷汢杩瑨䝜湥牥瑡摥䘠汩獥䅜灰朮栮灰਍㩃啜敳獲䩜桯⁮❏潈汬牡湥䑜捯浵湥獴䝜瑩畈屢潷汢杩瑨睜扯楬桧屴潷汢杩瑨䝜湥牥瑡摥䘠汩獥䍜浯潭屮瑓湡慤摲瑓汹獥朮栮਍㩃啜敳獲䩜桯⁮❏潈汬牡湥䑜捯浵湥獴䝜瑩畈屢潷汢杩瑨睜扯楬桧屴潷汢杩瑨䝜湥牥瑡摥䘠汩獥䍜浯潭屮瑓湡慤摲瑓汹獥朮栮灰਍㩃啜敳獲䩜桯⁮❏潈汬牡湥䑜捯浵湥獴䝜瑩畈屢潷汢杩瑨睜扯楬桧屴潷汢杩瑨䝜湥牥瑡摥䘠汩獥䵜楡偮条⹥⹧൨䌊尺獕牥屳潊湨传䠧汯慬敲屮潄畣敭瑮屳楇䡴扵睜扯楬桧屴潷汢杩瑨睜扯楬桧屴敇敮慲整⁤楆敬屳慍湩慐敧朮栮灰਍㩃啜敳獲䩜桯⁮❏潈汬牡湥䑜捯浵湥獴䝜瑩畈屢潷汢杩瑨睜扯楬桧屴潷汢杩瑨䝜湥牥瑡摥䘠汩獥䅜灰砮浡൬䌊尺獕牥屳潊湨传䠧汯慬敲屮潄畣敭瑮屳楇䡴扵睜扯楬桧屴潷汢杩瑨睜扯楬桧屴敇敮慲整⁤楆敬屳潃浭湯卜慴摮牡卤祴敬⹳慸汭਍㩃啜敳獲䩜桯⁮❏潈汬牡湥䑜捯浵湥獴䝜瑩畈屢潷汢杩瑨睜扯楬桧屴潷汢杩瑨䝜湥牥瑡摥䘠汩獥䵜楡偮条⹥慸汭਍㩃啜敳獲䩜桯⁮❏潈汬牡湥䑜捯浵湥獴䝜瑩畈屢潷汢杩瑨睜扯楬桧屴潷汢杩瑨䝜湥牥瑡摥䘠汩獥䅜灰朮栮灰਍㩃啜敳獲䩜桯⁮❏潈汬牡湥䑜捯浵湥獴䝜瑩畈屢潷汢杩瑨睜扯楬桧屴潷汢杩瑨䝜湥牥瑡摥䘠汩獥䍜浯潭屮瑓湡慤摲瑓汹獥朮栮灰਍㩃啜敳獲䩜桯⁮❏潈汬牡湥䑜捯浵湥獴䝜瑩畈屢潷汢杩瑨睜扯楬桧屴潷汢杩瑨䝜湥牥瑡摥䘠汩獥䵜楡偮条⹥⹧灨൰䌊尺獕牥屳潊湨传䠧汯慬敲屮潄畣敭瑮屳楇䡴扵睜扯楬桧屴潷汢杩瑨睜扯楬桧屴敇敮慲整⁤楆敬屳慘汭祔数湉潦朮挮灰਍㩃啜敳獲䩜桯⁮❏潈汬牡湥䑜捯浵湥獴䝜瑩畈屢潷汢杩瑨睜扯楬桧屴潷汢杩瑨䝜湥牥瑡摥䘠汩獥䅜灰砮浡൬䌊尺獕牥屳潊湨传䠧汯慬敲屮潄畣敭瑮屳楇䡴扵睜扯楬桧屴潷汢杩瑨睜扯楬桧屴敇敮慲整⁤楆敬屳潃浭湯卜慴摮牡卤祴敬⹳慸汭਍㩃啜敳獲䩜桯⁮❏潈汬牡湥䑜捯浵湥獴䝜瑩畈屢潷汢杩瑨睜扯楬桧屴潷汢杩瑨䝜湥牥瑡摥䘠汩獥䵜楡偮条⹥慸汭਍㩃啜敳獲䩜桯⁮❏潈汬牡湥䑜捯浵湥獴䝜瑩畈屢潷汢杩瑨睜扯楬桧屴潷汢杩瑨䑜扥杵灜楲潣普杩砮汭椮瑮牥敭楤瑡൥䌊尺獕牥屳潊湨传䠧汯慬敲屮潄畣敭瑮屳楇䡴扵睜扯楬桧屴潷汢杩瑨睜扯楬桧屴敄畢屧慬潹瑵爮獥楦敬⹳湩整浲摥慩整਍㩃啜敳獲䩜桯⁮❏潈汬牡湥䑜捯浵湥獴䝜瑩畈屢潷汢杩瑨睜扯楬桧屴潷汢杩瑨䑜扥杵牜獥畯捲獥爮獥楦敬⹳湩整浲摥慩整਍㩃啜敳獲䩜桯⁮❏潈汬牡湥䑜捯浵湥獴䝜瑩畈屢潷汢杩瑨睜扯楬桧屴潷汢杩瑨䑜扥杵灜楲爮獥楦敬⹳湩整浲摥慩整਍㩃啜敳獲䩜桯⁮❏潈汬牡湥䑜捯浵湥獴䝜瑩畈屢潷汢杩瑨睜扯楬桧屴潷汢杩瑨䑜扥杵灜楲潣普杩砮汭਍㩃啜敳獲䩜桯⁮❏潈汬牡湥䑜捯浵湥獴䝜瑩畈屢潷汢杩瑨睜扯楬桧屴潷汢杩瑨䑜扥杵汜祡畯⹴敲晳汩獥਍㩃啜敳獲䩜桯⁮❏潈汬牡湥䑜捯浵湥獴䝜瑩畈屢潷汢杩瑨睜扯楬桧屴潷汢杩瑨䑜扥杵牜獥畯捲獥爮獥楦敬൳䌊尺獕牥屳潊湨传䠧汯慬敲屮潄畣敭瑮屳楇䡴扵睜扯楬桧屴潷汢杩瑨睜扯楬桧屴敄畢屧牰⹩敲晳汩獥਍㩃啜敳獲䩜桯⁮❏潈汬牡湥䑜捯浵湥獴䝜瑩畈屢潷汢杩瑨睜扯楬桧屴敄畢屧潷汢杩瑨牜獥畯捲獥瀮楲਍㩃啜敳獲䩜桯⁮❏潈汬牡湥䑜捯浵湥獴䝜瑩畈屢潷汢杩瑨睜扯楬桧屴潷汢杩瑨䑜扥杵䱜湡畧条入慵楬楦牥⹳硴൴䌊尺獕牥屳潊湨传䠧汯慬敲屮潄畣敭瑮屳楇䡴扵睜扯楬桧屴潷汢杩瑨睜扯楬桧屴敄畢屧牐橯捥䅴捲楨整瑣牵獥琮瑸਍㩃啜敳獲䩜桯⁮❏潈汬牡湥䑜捯浵湥獴䝜瑩畈屢潷汢杩瑨睜扯楬桧屴敄畢屧潷汢杩瑨䅜灰䵸湡晩獥⹴浸൬䌊尺獕牥屳潊湨传䠧汯慬敲屮潄畣敭瑮屳楇䡴扵睜扯楬桧屴潷汢杩瑨䑜扥杵睜扯楬桧屴潷汢杩瑨戮極摬愮灰牸捥灩൥帊㩃啜敳獲䩜桯⁮❏潈汬牡湥䑜捯浵湥獴䝜瑩畈屢潷汢杩瑨睜扯楬桧屴潷汢杩瑨睜扯楬桧⹴捶灸潲൪䌊尺獕牥屳潊湨传䠧汯慬敲屮潄畣敭瑮屳楇䡴扵睜扯楬桧屴潷汢杩瑨睜扯楬桧屴敄畢屧潷汢杩瑨瘮硣牰橯敒潳癬䅥獳浥汢剹晥牥湥散挮捡敨਍㩃啜敳獲䩜桯⁮❏潈汬牡湥䑜捯浵湥獴䝜瑩畈屢潷汢杩瑨睜扯楬桧屴潷汢杩瑨䝜湥牥瑡摥䘠汩獥䅜灰朮栮਍㩃啜敳獲䩜桯⁮❏潈汬牡湥䑜捯浵湥獴䝜瑩畈屢潷汢杩瑨睜扯楬桧屴潷汢杩瑨䝜湥牥瑡摥䘠汩獥䅜灰朮栮灰਍㩃啜敳獲䩜桯⁮❏潈汬牡湥䑜捯浵湥獴䝜瑩畈屢潷汢杩瑨睜扯楬桧屴潷汢杩瑨䝜湥牥瑡摥䘠汩獥䍜浯潭屮瑓湡慤摲瑓汹獥朮栮਍㩃啜敳獲䩜桯⁮❏潈汬牡湥䑜捯浵湥獴䝜瑩畈屢潷汢杩瑨睜扯楬桧屴潷汢杩瑨䝜湥牥瑡摥䘠汩獥䍜浯潭屮瑓湡慤摲瑓汹獥朮栮灰਍㩃啜敳獲䩜桯⁮❏潈汬牡湥䑜捯浵湥獴䝜瑩畈屢潷汢杩瑨睜扯楬桧屴潷汢杩瑨䝜湥牥瑡摥䘠汩獥䵜楡偮条⹥⹧൨䌊尺獕牥屳潊湨传䠧汯慬敲屮潄畣敭瑮屳楇䡴扵睜扯楬桧屴潷汢杩瑨睜扯楬桧屴敇敮慲整⁤楆敬屳慍湩慐敧朮栮灰਍㩃啜敳獲䩜桯⁮❏潈汬牡湥䑜捯浵湥獴䝜瑩畈屢潷汢杩瑨睜扯楬桧屴潷汢杩瑨䝜湥牥瑡摥䘠汩獥䅜灰砮浡൬䌊尺獕牥屳潊湨传䠧汯慬敲屮潄畣敭瑮屳楇䡴扵睜扯楬桧屴潷汢杩瑨睜扯楬桧屴敇敮慲整⁤楆敬屳潃浭湯卜慴摮牡卤祴敬⹳慸汭਍㩃啜敳獲䩜桯⁮❏潈汬牡湥䑜捯浵湥獴䝜瑩畈屢潷汢杩瑨睜扯楬桧屴潷汢杩瑨䝜湥牥瑡摥䘠汩獥䵜楡偮条⹥慸汭਍㩃啜敳獲䩜桯⁮❏潈汬牡湥䑜捯浵湥獴䝜瑩畈屢潷汢杩瑨睜扯楬桧屴潷汢杩瑨䝜湥牥瑡摥䘠汩獥䅜灰朮栮灰਍㩃啜敳獲䩜桯⁮❏潈汬牡湥䑜捯浵湥獴䝜瑩畈屢潷汢杩瑨睜扯楬桧屴潷汢杩瑨䝜湥牥瑡摥䘠汩獥䍜浯潭屮瑓湡慤摲瑓汹獥朮栮灰਍㩃啜敳獲䩜桯⁮❏潈汬牡湥䑜捯浵湥獴䝜瑩畈屢潷汢杩瑨睜扯楬桧屴潷汢杩瑨䝜湥牥瑡摥䘠汩獥䵜楡偮条⹥⹧灨൰䌊尺獕牥屳潊湨传䠧汯慬敲屮潄畣敭瑮屳楇䡴扵睜扯楬桧屴潷汢杩瑨睜扯楬桧屴敄畢屧牰捩湯楦⹧浸⹬湩整浲摥慩整਍㩃啜敳獲䩜桯⁮❏潈汬牡湥䑜捯浵湥獴䝜瑩畈屢潷汢杩瑨睜扯楬桧屴潷汢杩瑨䑜扥杵汜祡畯⹴敲晳汩獥椮瑮牥敭楤瑡൥䌊尺獕牥屳潊湨传䠧汯慬敲屮潄畣敭瑮屳楇䡴扵睜扯楬桧屴潷汢杩瑨睜扯楬桧屴敄畢屧敲潳牵散⹳敲晳汩獥椮瑮牥敭楤瑡൥䌊尺獕牥屳潊湨传䠧汯慬敲屮潄畣敭瑮屳楇䡴扵睜扯楬桧屴潷汢杩瑨睜扯楬桧屴敄畢屧牰⹩敲晳汩獥椮瑮牥敭楤瑡൥䌊尺獕牥屳潊湨传䠧汯慬敲屮潄畣敭瑮屳楇䡴扵睜扯楬桧屴潷汢杩瑨睜扯楬桧屴敄畢屧牰捩湯楦⹧浸൬䌊尺獕牥屳潊湨传䠧汯慬敲屮潄畣敭瑮屳楇䡴扵睜扯楬桧屴潷汢杩瑨睜扯楬桧屴敄畢屧慬潹瑵爮獥楦敬൳䌊尺獕牥屳潊湨传䠧汯慬敲屮潄畣敭瑮屳楇䡴扵睜扯楬桧屴潷汢杩瑨睜扯楬桧屴敄畢屧敲潳牵散⹳敲晳汩獥਍㩃啜敳獲䩜桯⁮❏潈汬牡湥䑜捯浵湥獴䝜瑩畈屢潷汢杩瑨睜扯楬桧屴潷汢杩瑨䑜扥杵灜楲爮獥楦敬൳䌊尺獕牥屳潊湨传䠧汯慬敲屮潄畣敭瑮屳楇䡴扵睜扯楬桧屴潷汢杩瑨䑜扥杵睜扯楬桧屴敲潳牵散⹳牰൩䌊尺獕牥屳潊湨传䠧汯慬敲屮潄畣敭瑮屳楇䡴扵睜扯楬桧屴潷汢杩瑨睜扯楬桧屴敄畢屧慌杮慵敧畑污晩敩獲琮瑸਍㩃啜敳獲䩜桯⁮❏潈汬牡湥䑜捯浵湥獴䝜瑩畈屢潷汢杩瑨睜扯楬桧屴潷汢杩瑨䑜扥杵停潲敪瑣牁档瑩捥畴敲⹳硴൴䌊尺獕牥屳潊湨传䠧汯慬敲屮潄畣敭瑮屳楇䡴扵睜扯楬桧屴潷汢杩瑨䑜扥杵睜扯楬桧屴灁硰慍楮敦瑳砮汭਍㩃啜敳獲䩜桯⁮❏潈汬牡湥䑜捯浵湥獴䝜瑩畈屢潷汢杩瑨睜扯楬桧屴敄畢屧潷汢杩瑨睜扯楬桧⹴畢汩⹤灡硰敲楣数਍䍞尺獕牥屳潊湨传䠧汯慬敲屮潄畣敭瑮屳楇䡴扵睜扯楬桧屴潷汢杩瑨睜扯楬桧屴潷汢杩瑨瘮硣牰橯਍㩃啜敳獲䩜桯⁮❏潈汬牡湥䑜捯浵湥獴䝜瑩畈屢潷汢杩瑨睜扯楬桧屴潷汢杩瑨䑜扥杵睜扯楬桧⹴捶灸潲剪獥汯敶獁敳扭祬敒敦敲据⹥慣档൥䌊尺獕牥屳潊湨传䠧汯慬敲屮潄畣敭瑮屳楇䡴扵睜扯楬桧屴潷汢杩瑨睜扯楬桧屴敇敮慲整⁤楆敬屳灁⹰⹧൨䌊尺獕牥屳潊湨传䠧汯慬敲屮潄畣敭瑮屳楇䡴扵睜扯楬桧屴潷汢杩瑨睜扯楬桧屴敇敮慲整⁤楆敬屳灁⹰⹧灨൰䌊尺獕牥屳潊湨传䠧汯慬敲屮潄畣敭瑮屳楇䡴扵睜扯楬桧屴潷汢杩瑨睜扯楬桧屴敇敮慲整⁤楆敬屳潃浭湯卜慴摮牡卤祴敬⹳⹧൨䌊尺獕牥屳潊湨传䠧汯慬敲屮潄畣敭瑮屳楇䡴扵睜扯楬桧屴潷汢杩瑨睜扯楬桧屴敇敮慲整⁤楆敬屳潃浭湯卜慴摮牡卤祴敬⹳⹧灨൰䌊尺獕牥屳潊湨传䠧汯慬敲屮潄畣敭瑮屳楇䡴扵睜扯楬桧屴潷汢杩瑨睜扯楬桧屴敇敮慲整⁤楆敬屳慍湩慐敧朮栮਍㩃啜敳獲䩜桯⁮❏潈汬牡湥䑜捯浵湥獴䝜瑩畈屢潷汢杩瑨睜扯楬桧屴潷汢杩瑨䝜湥牥瑡摥䘠汩獥䵜楡偮条⹥⹧灨൰䌊尺獕牥屳潊湨传䠧汯慬敲屮潄畣敭瑮屳楇䡴扵睜扯楬桧屴潷汢杩瑨睜扯楬桧屴敇敮慲整⁤楆敬屳灁⹰慸汭਍㩃啜敳獲䩜桯⁮❏潈汬牡湥䑜捯浵湥獴䝜瑩畈屢潷汢杩瑨睜扯楬桧屴潷汢杩瑨䝜湥牥瑡摥䘠汩獥䍜浯潭屮瑓湡慤摲瑓汹獥砮浡൬䌊尺獕牥屳潊湨传䠧汯慬敲屮潄畣敭瑮屳楇䡴扵睜扯楬桧屴潷汢杩瑨睜扯楬桧屴敇敮慲整⁤楆敬屳慍湩慐敧砮浡൬䌊尺獕牥屳潊湨传䠧汯慬敲屮潄畣敭瑮屳楇䡴扵睜扯楬桧屴潷汢杩瑨睜扯楬桧屴敇敮慲整⁤楆敬屳灁⹰⹧灨൰䌊尺獕牥屳潊湨传䠧汯慬敲屮潄畣敭瑮屳楇䡴扵睜扯楬桧屴潷汢杩瑨睜扯楬桧屴敇敮慲整⁤楆敬屳潃浭湯卜慴摮牡卤祴敬⹳⹧灨൰䌊尺獕牥屳潊湨传䠧汯慬敲屮潄畣敭瑮屳楇䡴扵睜扯楬桧屴潷汢杩瑨睜扯楬桧屴敇敮慲整⁤楆敬屳慍湩慐敧朮栮灰਍㩃啜敳獲䩜桯⁮❏潈汬牡湥䑜捯浵湥獴䝜瑩畈屢潷汢杩瑨睜扯楬桧屴潷汢杩瑨䑜扥杵灜楲潣普杩砮汭椮瑮牥敭楤瑡൥䌊尺獕牥屳潊湨传䠧汯慬敲屮潄畣敭瑮屳楇䡴扵睜扯楬桧屴潷汢杩瑨睜扯楬桧屴敄畢屧慬潹瑵爮獥楦敬⹳湩整浲摥慩整਍㩃啜敳獲䩜桯⁮❏潈汬牡湥䑜捯浵湥獴䝜瑩畈屢潷汢杩瑨睜扯楬桧屴潷汢杩瑨䑜扥杵牜獥畯捲獥爮獥楦敬⹳湩整浲摥慩整਍㩃啜敳獲䩜桯⁮❏潈汬牡湥䑜捯浵湥獴䝜瑩畈屢潷汢杩瑨睜扯楬桧屴潷汢杩瑨䑜扥杵灜楲爮獥楦敬⹳湩整浲摥慩整਍㩃啜敳獲䩜桯⁮❏潈汬牡湥䑜捯浵湥獴䝜瑩畈屢潷汢杩瑨睜扯楬桧屴潷汢杩瑨䑜扥杵灜楲潣普杩砮汭਍㩃啜敳獲䩜桯⁮❏潈汬牡湥䑜捯浵湥獴䝜瑩畈屢潷汢杩瑨睜扯楬桧屴潷汢杩瑨䑜扥杵汜祡畯⹴敲晳汩獥਍㩃啜敳獲䩜桯⁮❏潈汬牡湥䑜捯浵湥獴䝜瑩畈屢潷汢杩瑨睜扯楬桧屴潷汢杩瑨䑜扥杵牜獥畯捲獥爮獥楦敬൳䌊尺獕牥屳潊湨传䠧汯慬敲屮潄畣敭瑮屳楇䡴扵睜扯楬桧屴潷汢杩瑨睜扯楬桧屴敄畢屧牰⹩敲晳汩獥਍㩃啜敳獲䩜桯⁮❏潈汬牡湥䑜捯浵湥獴䝜瑩畈屢潷汢杩瑨睜扯楬桧屴敄畢屧潷汢杩瑨牜獥畯捲獥瀮楲਍㩃啜敳獲䩜桯⁮❏潈汬牡湥䑜捯浵湥獴䝜瑩畈屢潷汢杩瑨睜扯楬桧屴潷汢杩瑨䑜扥杵䱜湡畧条入慵楬楦牥⹳硴൴䌊尺獕牥屳潊湨传䠧汯慬敲屮潄畣敭瑮屳楇䡴扵睜扯楬桧屴潷汢杩瑨睜扯楬桧屴敄畢屧牐橯捥䅴捲楨整瑣牵獥琮瑸਍㩃啜敳獲䩜桯⁮❏潈汬牡湥䑜捯浵湥獴䝜瑩畈屢潷汢杩瑨睜扯楬桧屴敄畢屧潷汢杩瑨䅜灰䵸湡晩獥⹴浸൬䌊尺獕牥屳潊湨传䠧汯慬敲屮潄畣敭瑮屳楇䡴扵睜扯楬桧屴潷汢杩瑨䑜扥杵睜扯楬桧屴潷汢杩瑨戮極摬愮灰牸捥灩൥帊㩃啜敳獲䩜桯⁮❏潈汬牡湥䑜捯浵湥獴䝜瑩畈屢潷汢杩瑨睜扯楬桧屴潷汢杩瑨睜扯楬桧⹴捶灸潲൪䌊尺獕牥屳潊湨传䠧汯慬敲屮潄畣敭瑮屳楇䡴扵睜扯楬桧屴潷汢杩瑨䑜扥杵睜扯楬桧屴潷汢杩瑨氮扩਍㩃啜敳獲䩜桯⁮❏潈汬牡湥䑜捯浵湥獴䝜瑩畈屢潷汢杩瑨睜扯楬桧屴敄畢屧潷汢杩瑨睜扯楬桧⹴硥൰帊㩃啜敳獲䩜桯⁮❏潈汬牡湥䑜捯浵湥獴䝜瑩畈屢潷汢杩瑨睜扯楬桧屴潷汢杩瑨睜扯楬桧⹴捶灸潲൪䌊尺獕牥屳潊湨传䠧汯慬敲屮潄畣敭瑮屳楇䡴扵睜扯楬桧屴潷汢杩瑨睜扯楬桧屴敄畢屧潷汢杩瑨瘮硣牰橯敒潳癬䅥獳浥汢剹晥牥湥散挮捡敨਍㩃啜敳獲䩜桯⁮❏潈汬牡湥䑜捯浵湥獴䝜瑩畈屢潷汢杩瑨睜扯楬桧屴潷汢杩瑨䝜湥牥瑡摥䘠汩獥䅜灰朮栮਍㩃啜敳獲䩜桯⁮❏潈汬牡湥䑜捯浵湥獴䝜瑩畈屢潷汢杩瑨睜扯楬桧屴潷汢杩瑨䝜湥牥瑡摥䘠汩獥䅜灰朮栮灰਍㩃啜敳獲䩜桯⁮❏潈汬牡湥䑜捯浵湥獴䝜瑩畈屢潷汢杩瑨睜扯楬桧屴潷汢杩瑨䝜湥牥瑡摥䘠汩獥䍜浯潭屮瑓湡慤摲瑓汹獥朮栮਍㩃啜敳獲䩜桯⁮❏潈汬牡湥䑜捯浵湥獴䝜瑩畈屢潷汢杩瑨睜扯楬桧屴潷汢杩瑨䝜湥牥瑡摥䘠汩獥䍜浯潭屮瑓湡慤摲瑓汹獥朮栮灰਍㩃啜敳獲䩜桯⁮❏潈汬牡湥䑜捯浵湥獴䝜瑩畈屢潷汢杩瑨睜扯楬桧屴潷汢杩瑨䝜湥牥瑡摥䘠汩獥䵜楡偮条⹥⹧൨䌊尺獕牥屳潊湨传䠧汯慬敲屮潄畣敭瑮屳楇䡴扵睜扯楬桧屴潷汢杩瑨睜扯楬桧屴敇敮慲整⁤楆敬屳慍湩慐敧朮栮灰਍㩃啜敳獲䩜桯⁮❏潈汬牡湥䑜捯浵湥獴䝜瑩畈屢潷汢杩瑨睜扯楬桧屴潷汢杩瑨䝜湥牥瑡摥䘠汩獥塜浡䱬扩敍慴慤慴牐癯摩牥朮挮灰਍㩃啜敳獲䩜桯⁮❏潈汬牡湥䑜捯浵湥獴䝜瑩畈屢潷汢杩瑨睜扯楬桧屴潷汢杩瑨䝜湥牥瑡摥䘠汩獥塜浡呬灹䥥普⹯浉汰朮挮灰਍㩃啜敳獲䩜桯⁮❏潈汬牡湥䑜捯浵湥獴䝜瑩畈屢潷汢杩瑨睜扯楬桧屴潷汢杩瑨䝜湥牥瑡摥䘠汩獥䅜灰砮浡൬䌊尺獕牥屳潊湨传䠧汯慬敲屮潄畣敭瑮屳楇䡴扵睜扯楬桧屴潷汢杩瑨睜扯楬桧屴敇敮慲整⁤楆敬屳潃浭湯卜慴摮牡卤祴敬⹳慸汭਍㩃啜敳獲䩜桯⁮❏潈汬牡湥䑜捯浵湥獴䝜瑩畈屢潷汢杩瑨睜扯楬桧屴潷汢杩瑨䝜湥牥瑡摥䘠汩獥䵜楡偮条⹥慸汭਍㩃啜敳獲䩜桯⁮❏潈汬牡湥䑜捯浵湥獴䝜瑩畈屢潷汢杩瑨睜扯楬桧屴潷汢杩瑨䝜湥牥瑡摥䘠汩獥䅜灰朮栮灰਍㩃啜敳獲䩜桯⁮❏潈汬牡湥䑜捯浵湥獴䝜瑩畈屢潷汢杩瑨睜扯楬桧屴潷汢杩瑨䝜湥牥瑡摥䘠汩獥䍜浯潭屮瑓湡慤摲瑓汹獥朮栮灰਍㩃啜敳獲䩜桯⁮❏潈汬牡湥䑜捯浵湥獴䝜瑩畈屢潷汢杩瑨睜扯楬桧屴潷汢杩瑨䝜湥牥瑡摥䘠汩獥䵜楡偮条⹥⹧灨൰䌊尺獕牥屳潊湨传䠧汯慬敲屮潄畣敭瑮屳楇䡴扵睜扯楬桧屴潷汢杩瑨睜扯楬桧屴敇敮慲整⁤楆敬屳慘汭祔数湉潦朮挮灰਍㩃啜敳獲䩜桯⁮❏潈汬牡湥䑜捯浵湥獴䝜瑩畈屢潷汢杩瑨睜扯楬桧屴潷汢杩瑨䝜湥牥瑡摥䘠汩獥䅜灰砮浡൬䌊尺獕牥屳潊湨传䠧汯慬敲屮潄畣敭瑮屳楇䡴扵睜扯楬桧屴潷汢杩瑨睜扯楬桧屴敇敮慲整⁤楆敬屳潃浭湯卜慴摮牡卤祴敬⹳慸汭਍㩃啜敳獲䩜桯⁮❏潈汬牡湥䑜捯浵湥獴䝜瑩畈屢潷汢杩瑨睜扯楬桧屴潷汢杩瑨䝜湥牥瑡摥䘠汩獥䵜楡偮条⹥慸汭਍㩃啜敳獲䩜桯⁮❏潈汬牡湥䑜捯浵湥獴䝜瑩畈屢潷汢杩瑨睜扯楬桧屴潷汢杩瑨䑜扥杵灜楲潣普杩砮汭椮瑮牥敭楤瑡൥䌊尺獕牥屳潊湨传䠧汯慬敲屮潄畣敭瑮屳楇䡴扵睜扯楬桧屴潷汢杩瑨睜扯楬桧屴敄畢屧慬潹瑵爮獥楦敬⹳湩整浲摥慩整਍㩃啜敳獲䩜桯⁮❏潈汬牡湥䑜捯浵湥獴䝜瑩畈屢潷汢杩瑨睜扯楬桧屴潷汢杩瑨䑜扥杵牜獥畯捲獥爮獥楦敬⹳湩整浲摥慩整਍㩃啜敳獲䩜桯⁮❏潈汬牡湥䑜捯浵湥獴䝜瑩畈屢潷汢杩瑨睜扯楬桧屴潷汢杩瑨䑜扥杵灜楲爮獥楦敬⹳湩整浲摥慩整਍㩃啜敳獲䩜桯⁮❏潈汬牡湥䑜捯浵湥獴䝜瑩畈屢潷汢杩瑨睜扯楬桧屴潷汢杩瑨䑜扥杵灜楲潣普杩砮汭਍㩃啜敳獲䩜桯⁮❏潈汬牡湥䑜捯浵湥獴䝜瑩畈屢潷汢杩瑨睜扯楬桧屴潷汢杩瑨䑜扥杵汜祡畯⹴敲晳汩獥਍㩃啜敳獲䩜桯⁮❏潈汬牡湥䑜捯浵湥獴䝜瑩畈屢潷汢杩瑨睜扯楬桧屴潷汢杩瑨䑜扥杵牜獥畯捲獥爮獥楦敬൳䌊尺獕牥屳潊湨传䠧汯慬敲屮潄畣敭瑮屳楇䡴扵睜扯楬桧屴潷汢杩瑨睜扯楬桧屴敄畢屧牰⹩敲晳汩獥਍㩃啜敳獲䩜桯⁮❏潈汬牡湥䑜捯浵湥獴䝜瑩畈屢潷汢杩瑨睜扯楬桧屴敄畢屧潷汢杩瑨牜獥畯捲獥瀮楲਍㩃啜敳獲䩜桯⁮❏潈汬牡湥䑜捯浵湥獴䝜瑩畈屢潷汢杩瑨睜扯楬桧屴潷汢杩瑨䑜扥杵䱜湡畧条入慵楬楦牥⹳硴൴䌊尺獕牥屳潊湨传䠧汯慬敲屮潄畣敭瑮屳楇䡴扵睜扯楬桧屴潷汢杩瑨睜扯楬桧屴敄畢屧牐橯捥䅴捲楨整瑣牵獥琮瑸਍㩃啜敳獲䩜桯⁮❏潈汬牡湥䑜捯浵湥獴䝜瑩畈屢潷汢杩瑨睜扯楬桧屴敄畢屧潷汢杩瑨䅜灰䵸湡晩獥⹴浸൬䌊尺獕牥屳潊湨传䠧汯慬敲屮潄畣敭瑮屳楇䡴扵睜扯楬桧屴潷汢杩瑨䑜扥杵睜扯楬桧屴潷汢杩瑨戮極摬愮灰牸捥灩൥
C:\Users\John O'Hollaren\Documents\GitHub\woblight\woblight\woblight\Debug\woblight.vcxprojResolveAssemblyReference.cache
C:\Users\John O'Hollaren\Documents\GitHub\woblight\woblight\woblight\Debug\App.xaml.obj
C:\Users\John O'Hollaren\Documents\GitHub\woblight\woblight\woblight\Debug\MainPage.xaml.obj
C:\Users\John O'Hollaren\Documents\GitHub\woblight\woblight\woblight\Debug\pch.obj
C:\Users\John O'Hollaren\Documents\GitHub\woblight\woblight\woblight\Debug\ToneSampleGenerator.obj
C:\Users\John O'Hollaren\Documents\GitHub\woblight\woblight\woblight\Debug\WASAPICapture.obj
C:\Users\John O'Hollaren\Documents\GitHub\woblight\woblight\woblight\Debug\XamlTypeInfo.g.obj
C:\Users\John O'Hollaren\Documents\GitHub\woblight\woblight\woblight\Debug\XamlTypeInfo.Impl.g.obj
C:\Users\John O'Hollaren\Documents\GitHub\woblight\woblight\woblight\Debug\CL.1232.read.1.tlog
C:\Users\John O'Hollaren\Documents\GitHub\woblight\woblight\woblight\Debug\CL.1232.write.1.tlog
C:\Users\John O'Hollaren\Documents\GitHub\woblight\woblight\woblight\Debug\CL.1980.read.1.tlog
C:\Users\John O'Hollaren\Documents\GitHub\woblight\woblight\woblight\Debug\CL.1980.write.1.tlog
C:\Users\John O'Hollaren\Documents\GitHub\woblight\woblight\woblight\Debug\CL.2140.read.1.tlog
C:\Users\John O'Hollaren\Documents\GitHub\woblight\woblight\woblight\Debug\CL.2140.write.1.tlog
C:\Users\John O'Hollaren\Documents\GitHub\woblight\woblight\woblight\Debug\CL.2308.read.1.tlog
C:\Users\John O'Hollaren\Documents\GitHub\woblight\woblight\woblight\Debug\CL.2308.write.1.tlog
C:\Users\John O'Hollaren\Documents\GitHub\woblight\woblight\woblight\Debug\CL.3648.read.1.tlog
C:\Users\John O'Hollaren\Documents\GitHub\woblight\woblight\woblight\Debug\CL.3648.write.1.tlog
C:\Users\John O'Hollaren\Documents\GitHub\woblight\woblight\woblight\Debug\CL.3780.read.1.tlog
C:\Users\John O'Hollaren\Documents\GitHub\woblight\woblight\woblight\Debug\CL.3780.write.1.tlog
C:\Users\John O'Hollaren\Documents\GitHub\woblight\woblight\woblight\Debug\CL.3856.read.1.tlog
C:\Users\John O'Hollaren\Documents\GitHub\woblight\woblight\woblight\Debug\CL.3856.write.1.tlog
C:\Users\John O'Hollaren\Documents\GitHub\woblight\woblight\woblight\Debug\CL.4176.read.1.tlog
C:\Users\John O'Hollaren\Documents\GitHub\woblight\woblight\woblight\Debug\CL.4176.write.1.tlog
C:\Users\John O'Hollaren\Documents\GitHub\woblight\woblight\woblight\Debug\CL.4860.read.1.tlog
C:\Users\John O'Hollaren\Documents\GitHub\woblight\woblight\woblight\Debug\CL.4860.write.1.tlog
C:\Users\John O'Hollaren\Documents\GitHub\woblight\woblight\woblight\Debug\CL.5296.read.1.tlog
C:\Users\John O'Hollaren\Documents\GitHub\woblight\woblight\woblight\Debug\CL.5296.write.1.tlog
C:\Users\John O'Hollaren\Documents\GitHub\woblight\woblight\woblight\Debug\CL.5688.read.1.tlog
C:\Users\John O'Hollaren\Documents\GitHub\woblight\woblight\woblight\Debug\CL.5688.write.1.tlog
C:\Users\John O'Hollaren\Documents\GitHub\woblight\woblight\woblight\Debug\CL.5860.read.1.tlog
C:\Users\John O'Hollaren\Documents\GitHub\woblight\woblight\woblight\Debug\CL.5860.write.1.tlog
C:\Users\John O'Hollaren\Documents\GitHub\woblight\woblight\woblight\Debug\CL.6600.read.1.tlog
C:\Users\John O'Hollaren\Documents\GitHub\woblight\woblight\woblight\Debug\CL.6600.write.1.tlog
C:\Users\John O'Hollaren\Documents\GitHub\woblight\woblight\woblight\Debug\CL.7016.read.1.tlog
C:\Users\John O'Hollaren\Documents\GitHub\woblight\woblight\woblight\Debug\CL.7016.write.1.tlog
C:\Users\John O'Hollaren\Documents\GitHub\woblight\woblight\woblight\Debug\CL.7864.read.1.tlog
C:\Users\John O'Hollaren\Documents\GitHub\woblight\woblight\woblight\Debug\CL.7864.write.1.tlog
C:\Users\John O'Hollaren\Documents\GitHub\woblight\woblight\woblight\Debug\CL.7976.read.1.tlog
C:\Users\John O'Hollaren\Documents\GitHub\woblight\woblight\woblight\Debug\CL.7976.write.1.tlog
C:\Users\John O'Hollaren\Documents\GitHub\woblight\woblight\woblight\Debug\CL.8184.read.1.tlog
C:\Users\John O'Hollaren\Documents\GitHub\woblight\woblight\woblight\Debug\CL.8184.write.1.tlog
C:\Users\John O'Hollaren\Documents\GitHub\woblight\woblight\woblight\Debug\cl.command.1.tlog
C:\Users\John O'Hollaren\Documents\GitHub\woblight\woblight\woblight\Debug\CL.read.1.tlog
C:\Users\John O'Hollaren\Documents\GitHub\woblight\woblight\woblight\Debug\CL.write.1.tlog
C:\Users\John O'Hollaren\Documents\GitHub\woblight\woblight\woblight\Debug\link.2568.read.1.tlog
C:\Users\John O'Hollaren\Documents\GitHub\woblight\woblight\woblight\Debug\link.2568.write.1.tlog
C:\Users\John O'Hollaren\Documents\GitHub\woblight\woblight\woblight\Debug\link.3296.read.1.tlog
C:\Users\John O'Hollaren\Documents\GitHub\woblight\woblight\woblight\Debug\link.3296.write.1.tlog
C:\Users\John O'Hollaren\Documents\GitHub\woblight\woblight\woblight\Debug\link.6124.read.1.tlog
C:\Users\John O'Hollaren\Documents\GitHub\woblight\woblight\woblight\Debug\link.6124.write.1.tlog
C:\Users\John O'Hollaren\Documents\GitHub\woblight\woblight\woblight\Debug\link.command.1.tlog
C:\Users\John O'Hollaren\Documents\GitHub\woblight\woblight\woblight\Debug\link.read.1.tlog
C:\Users\John O'Hollaren\Documents\GitHub\woblight\woblight\woblight\Debug\link.write.1.tlog
C:\Users\John O'Hollaren\Documents\GitHub\woblight\woblight\woblight\Debug\woblight.read.1.tlog
C:\Users\John O'Hollaren\Documents\GitHub\woblight\woblight\woblight\Debug\woblight.write.1.tlog
C:\Users\John O'Hollaren\Documents\GitHub\woblight\woblight\woblight\Debug\layout.resfiles
C:\Users\John O'Hollaren\Documents\GitHub\woblight\woblight\woblight\Debug\pri.resfiles
C:\Users\John O'Hollaren\Documents\GitHub\woblight\woblight\woblight\Debug\resources.resfiles
C:\Users\John O'Hollaren\Documents\GitHub\woblight\woblight\woblight\Debug\woblight.pch
C:\Users\John O'Hollaren\Documents\GitHub\woblight\woblight\woblight\Debug\vc110.idb
C:\Users\John O'Hollaren\Documents\GitHub\woblight\woblight\woblight\Debug\vc110.pdb
C:\Users\John O'Hollaren\Documents\GitHub\woblight\woblight\woblight\Debug\priconfig.xml
C:\Users\John O'Hollaren\Documents\GitHub\woblight\woblight\Debug\woblight\woblight.pdb
C:\Users\John O'Hollaren\Documents\GitHub\woblight\woblight\woblight\Generated Files\App.g.h
C:\Users\John O'Hollaren\Documents\GitHub\woblight\woblight\woblight\Generated Files\MainPage.g.h
C:\Users\John O'Hollaren\Documents\GitHub\woblight\woblight\woblight\Generated Files\XamlTypeInfo.g.h
C:\Users\John O'Hollaren\Documents\GitHub\woblight\woblight\woblight\Generated Files\XamlLibMetadataProvider.g.cpp
C:\Users\John O'Hollaren\Documents\GitHub\woblight\woblight\woblight\Generated Files\XamlTypeInfo.g.cpp
C:\Users\John O'Hollaren\Documents\GitHub\woblight\woblight\woblight\Generated Files\XamlTypeInfo.Impl.g.cpp
C:\Users\John O'Hollaren\Documents\GitHub\woblight\woblight\woblight\Generated Files\App.xaml
C:\Users\John O'Hollaren\Documents\GitHub\woblight\woblight\woblight\Generated Files\MainPage.xaml
